<?xml version="1.0" encoding="UTF-8"?>
<!-- Generated by org.testng.reporters.JUnitXMLReporter -->
<testsuite hostname="DESKTOP-G66AB7M" ignored="0" name="OrangeHrm" tests="3" failures="1" timestamp="2021-12-04T18:55:34 IST" time="31.217" errors="0">
  <testcase name="columnTest" time="0.603" classname="testcases.TestCase1"/>
  <testcase name="loginHrmTest" time="11.931" classname="testcases.TestCase1"/>
  <testcase name="landingPageTest" time="0.008" classname="testcases.TestCase2">
    <failure type="java.lang.AssertionError" message="Wrong URL expected not same [https://opensource-demo.orangehrmlive.com/] but found [https://opensource-demo.orangehrmlive.com/]">
      <![CDATA[java.lang.AssertionError: Wrong URL expected not same [https://opensource-demo.orangehrmlive.com/] but found [https://opensource-demo.orangehrmlive.com/]
at testcases.TestCase2.landingPageTest(TestCase2.java:47)
at java.util.ArrayList.forEach(ArrayList.java:1259)
... Removed 30 stack frames]]>
    </failure>
  </testcase> <!-- landingPageTest -->
</testsuite> <!-- OrangeHrm -->
